<?xml version="1.0" encoding="UTF-8"?>
<!-- Generated by org.testng.reporters.JUnitReportReporter -->
<testsuite skipped="0" hostname="CompIndia-PC" name="practice.Selenium_Maven_Practice.One" tests="3" failures="0" timestamp="28 Feb 2020 13:13:09 GMT" time="0.042" errors="0">
  <testcase name="A" time="0.030" classname="practice.Selenium_Maven_Practice.One"/>
  <testcase name="B" time="0.003" classname="practice.Selenium_Maven_Practice.One"/>
  <testcase name="C" time="0.009" classname="practice.Selenium_Maven_Practice.One"/>
</testsuite> <!-- practice.Selenium_Maven_Practice.One -->
