<?xml version="1.0" encoding="UTF-8"?>
<!-- Generated by org.testng.reporters.JUnitReportReporter -->
<testsuite skipped="0" hostname="CompIndia-PC" name="practice.Selenium_Maven_Practice.Two" tests="3" failures="0" timestamp="27 Feb 2020 12:35:01 GMT" time="0.007" errors="0">
  <testcase name="D" time="0.002" classname="practice.Selenium_Maven_Practice.Two"/>
  <testcase name="E" time="0.003" classname="practice.Selenium_Maven_Practice.Two"/>
  <testcase name="F" time="0.002" classname="practice.Selenium_Maven_Practice.Two"/>
</testsuite> <!-- practice.Selenium_Maven_Practice.Two -->
