<?xml version="1.0" encoding="UTF-8"?>
<!-- Generated by org.testng.reporters.JUnitReportReporter -->
<testsuite skipped="0" hostname="CompIndia-PC" name="practice.Selenium_Maven_Practice.One" tests="3" failures="0" timestamp="27 Feb 2020 12:35:01 GMT" time="0.019" errors="0">
  <testcase name="A" time="0.014" classname="practice.Selenium_Maven_Practice.One"/>
  <testcase name="B" time="0.003" classname="practice.Selenium_Maven_Practice.One"/>
  <testcase name="C" time="0.002" classname="practice.Selenium_Maven_Practice.One"/>
</testsuite> <!-- practice.Selenium_Maven_Practice.One -->
